[23-Sep-2018 04:14:07 UTC] PHP Warning:  include(inc/functions.php): failed to open stream: No such file or directory in /home/ubuntu/workspace/CST336/homework/hw2/index.php on line 13
[23-Sep-2018 04:14:07 UTC] PHP Stack trace:
[23-Sep-2018 04:14:07 UTC] PHP   1. {main}() /home/ubuntu/workspace/CST336/homework/hw2/index.php:0
[23-Sep-2018 04:14:07 UTC] PHP Warning:  include(): Failed opening 'inc/functions.php' for inclusion (include_path='.:/usr/share/php:/usr/share/pear') in /home/ubuntu/workspace/CST336/homework/hw2/index.php on line 13
[23-Sep-2018 04:14:07 UTC] PHP Stack trace:
[23-Sep-2018 04:14:07 UTC] PHP   1. {main}() /home/ubuntu/workspace/CST336/homework/hw2/index.php:0
[23-Sep-2018 04:14:07 UTC] PHP Fatal error:  Call to undefined function play() in /home/ubuntu/workspace/CST336/homework/hw2/index.php on line 14
[23-Sep-2018 04:14:07 UTC] PHP Stack trace:
[23-Sep-2018 04:14:07 UTC] PHP   1. {main}() /home/ubuntu/workspace/CST336/homework/hw2/index.php:0
[23-Sep-2018 04:15:30 UTC] PHP Warning:  include(inc/functions.php): failed to open stream: No such file or directory in /home/ubuntu/workspace/CST336/homework/hw2/index.php on line 13
[23-Sep-2018 04:15:30 UTC] PHP Stack trace:
[23-Sep-2018 04:15:30 UTC] PHP   1. {main}() /home/ubuntu/workspace/CST336/homework/hw2/index.php:0
[23-Sep-2018 04:15:30 UTC] PHP Warning:  include(): Failed opening 'inc/functions.php' for inclusion (include_path='.:/usr/share/php:/usr/share/pear') in /home/ubuntu/workspace/CST336/homework/hw2/index.php on line 13
[23-Sep-2018 04:15:30 UTC] PHP Stack trace:
[23-Sep-2018 04:15:30 UTC] PHP   1. {main}() /home/ubuntu/workspace/CST336/homework/hw2/index.php:0
[23-Sep-2018 04:15:30 UTC] PHP Fatal error:  Call to undefined function play() in /home/ubuntu/workspace/CST336/homework/hw2/index.php on line 14
[23-Sep-2018 04:15:30 UTC] PHP Stack trace:
[23-Sep-2018 04:15:30 UTC] PHP   1. {main}() /home/ubuntu/workspace/CST336/homework/hw2/index.php:0
[23-Sep-2018 04:15:32 UTC] PHP Warning:  include(inc/functions.php): failed to open stream: No such file or directory in /home/ubuntu/workspace/CST336/homework/hw2/index.php on line 13
[23-Sep-2018 04:15:32 UTC] PHP Stack trace:
[23-Sep-2018 04:15:32 UTC] PHP   1. {main}() /home/ubuntu/workspace/CST336/homework/hw2/index.php:0
[23-Sep-2018 04:15:32 UTC] PHP Warning:  include(): Failed opening 'inc/functions.php' for inclusion (include_path='.:/usr/share/php:/usr/share/pear') in /home/ubuntu/workspace/CST336/homework/hw2/index.php on line 13
[23-Sep-2018 04:15:32 UTC] PHP Stack trace:
[23-Sep-2018 04:15:32 UTC] PHP   1. {main}() /home/ubuntu/workspace/CST336/homework/hw2/index.php:0
[23-Sep-2018 04:15:32 UTC] PHP Fatal error:  Call to undefined function play() in /home/ubuntu/workspace/CST336/homework/hw2/index.php on line 14
[23-Sep-2018 04:15:32 UTC] PHP Stack trace:
[23-Sep-2018 04:15:32 UTC] PHP   1. {main}() /home/ubuntu/workspace/CST336/homework/hw2/index.php:0
[23-Sep-2018 04:15:50 UTC] PHP Warning:  include(inc/functions.php): failed to open stream: No such file or directory in /home/ubuntu/workspace/CST336/homework/hw2/index.php on line 13
[23-Sep-2018 04:15:50 UTC] PHP Stack trace:
[23-Sep-2018 04:15:50 UTC] PHP   1. {main}() /home/ubuntu/workspace/CST336/homework/hw2/index.php:0
[23-Sep-2018 04:15:50 UTC] PHP Warning:  include(): Failed opening 'inc/functions.php' for inclusion (include_path='.:/usr/share/php:/usr/share/pear') in /home/ubuntu/workspace/CST336/homework/hw2/index.php on line 13
[23-Sep-2018 04:15:50 UTC] PHP Stack trace:
[23-Sep-2018 04:15:50 UTC] PHP   1. {main}() /home/ubuntu/workspace/CST336/homework/hw2/index.php:0
[23-Sep-2018 04:15:50 UTC] PHP Fatal error:  Call to undefined function play() in /home/ubuntu/workspace/CST336/homework/hw2/index.php on line 14
[23-Sep-2018 04:15:50 UTC] PHP Stack trace:
[23-Sep-2018 04:15:50 UTC] PHP   1. {main}() /home/ubuntu/workspace/CST336/homework/hw2/index.php:0
[23-Sep-2018 04:15:52 UTC] PHP Warning:  include(inc/functions.php): failed to open stream: No such file or directory in /home/ubuntu/workspace/CST336/homework/hw2/index.php on line 13
[23-Sep-2018 04:15:52 UTC] PHP Stack trace:
[23-Sep-2018 04:15:52 UTC] PHP   1. {main}() /home/ubuntu/workspace/CST336/homework/hw2/index.php:0
[23-Sep-2018 04:15:52 UTC] PHP Warning:  include(): Failed opening 'inc/functions.php' for inclusion (include_path='.:/usr/share/php:/usr/share/pear') in /home/ubuntu/workspace/CST336/homework/hw2/index.php on line 13
[23-Sep-2018 04:15:52 UTC] PHP Stack trace:
[23-Sep-2018 04:15:52 UTC] PHP   1. {main}() /home/ubuntu/workspace/CST336/homework/hw2/index.php:0
[23-Sep-2018 04:15:52 UTC] PHP Fatal error:  Call to undefined function play() in /home/ubuntu/workspace/CST336/homework/hw2/index.php on line 14
[23-Sep-2018 04:15:52 UTC] PHP Stack trace:
[23-Sep-2018 04:15:52 UTC] PHP   1. {main}() /home/ubuntu/workspace/CST336/homework/hw2/index.php:0
[23-Sep-2018 04:25:57 UTC] PHP Warning:  include(inc/functions.php): failed to open stream: No such file or directory in /home/ubuntu/workspace/CST336/homework/hw2/index.php on line 13
[23-Sep-2018 04:25:57 UTC] PHP Stack trace:
[23-Sep-2018 04:25:57 UTC] PHP   1. {main}() /home/ubuntu/workspace/CST336/homework/hw2/index.php:0
[23-Sep-2018 04:25:57 UTC] PHP Warning:  include(): Failed opening 'inc/functions.php' for inclusion (include_path='.:/usr/share/php:/usr/share/pear') in /home/ubuntu/workspace/CST336/homework/hw2/index.php on line 13
[23-Sep-2018 04:25:57 UTC] PHP Stack trace:
[23-Sep-2018 04:25:57 UTC] PHP   1. {main}() /home/ubuntu/workspace/CST336/homework/hw2/index.php:0
[23-Sep-2018 04:25:57 UTC] PHP Fatal error:  Call to undefined function play() in /home/ubuntu/workspace/CST336/homework/hw2/index.php on line 14
[23-Sep-2018 04:25:57 UTC] PHP Stack trace:
[23-Sep-2018 04:25:57 UTC] PHP   1. {main}() /home/ubuntu/workspace/CST336/homework/hw2/index.php:0
[23-Sep-2018 04:52:35 UTC] PHP Warning:  include(inc/functions.php): failed to open stream: No such file or directory in /home/ubuntu/workspace/CST336/homework/hw2/index.php on line 12
[23-Sep-2018 04:52:35 UTC] PHP Stack trace:
[23-Sep-2018 04:52:35 UTC] PHP   1. {main}() /home/ubuntu/workspace/CST336/homework/hw2/index.php:0
[23-Sep-2018 04:52:35 UTC] PHP Warning:  include(): Failed opening 'inc/functions.php' for inclusion (include_path='.:/usr/share/php:/usr/share/pear') in /home/ubuntu/workspace/CST336/homework/hw2/index.php on line 12
[23-Sep-2018 04:52:35 UTC] PHP Stack trace:
[23-Sep-2018 04:52:35 UTC] PHP   1. {main}() /home/ubuntu/workspace/CST336/homework/hw2/index.php:0
[23-Sep-2018 04:52:35 UTC] PHP Fatal error:  Call to undefined function play() in /home/ubuntu/workspace/CST336/homework/hw2/index.php on line 13
[23-Sep-2018 04:52:35 UTC] PHP Stack trace:
[23-Sep-2018 04:52:35 UTC] PHP   1. {main}() /home/ubuntu/workspace/CST336/homework/hw2/index.php:0
[23-Sep-2018 05:32:25 UTC] PHP Warning:  include(inc/functions.php): failed to open stream: No such file or directory in /home/ubuntu/workspace/CST336/homework/hw2/index.php on line 12
[23-Sep-2018 05:32:25 UTC] PHP Stack trace:
[23-Sep-2018 05:32:25 UTC] PHP   1. {main}() /home/ubuntu/workspace/CST336/homework/hw2/index.php:0
[23-Sep-2018 05:32:25 UTC] PHP Warning:  include(): Failed opening 'inc/functions.php' for inclusion (include_path='.:/usr/share/php:/usr/share/pear') in /home/ubuntu/workspace/CST336/homework/hw2/index.php on line 12
[23-Sep-2018 05:32:25 UTC] PHP Stack trace:
[23-Sep-2018 05:32:25 UTC] PHP   1. {main}() /home/ubuntu/workspace/CST336/homework/hw2/index.php:0
[23-Sep-2018 05:33:25 UTC] PHP Warning:  include(inc/functions.php): failed to open stream: No such file or directory in /home/ubuntu/workspace/CST336/homework/hw2/index.php on line 12
[23-Sep-2018 05:33:25 UTC] PHP Stack trace:
[23-Sep-2018 05:33:25 UTC] PHP   1. {main}() /home/ubuntu/workspace/CST336/homework/hw2/index.php:0
[23-Sep-2018 05:33:25 UTC] PHP Warning:  include(): Failed opening 'inc/functions.php' for inclusion (include_path='.:/usr/share/php:/usr/share/pear') in /home/ubuntu/workspace/CST336/homework/hw2/index.php on line 12
[23-Sep-2018 05:33:25 UTC] PHP Stack trace:
[23-Sep-2018 05:33:25 UTC] PHP   1. {main}() /home/ubuntu/workspace/CST336/homework/hw2/index.php:0
[23-Sep-2018 05:33:28 UTC] PHP Warning:  include(inc/functions.php): failed to open stream: No such file or directory in /home/ubuntu/workspace/CST336/homework/hw2/index.php on line 12
[23-Sep-2018 05:33:28 UTC] PHP Stack trace:
[23-Sep-2018 05:33:28 UTC] PHP   1. {main}() /home/ubuntu/workspace/CST336/homework/hw2/index.php:0
[23-Sep-2018 05:33:28 UTC] PHP Warning:  include(): Failed opening 'inc/functions.php' for inclusion (include_path='.:/usr/share/php:/usr/share/pear') in /home/ubuntu/workspace/CST336/homework/hw2/index.php on line 12
[23-Sep-2018 05:33:28 UTC] PHP Stack trace:
[23-Sep-2018 05:33:28 UTC] PHP   1. {main}() /home/ubuntu/workspace/CST336/homework/hw2/index.php:0
[23-Sep-2018 05:34:01 UTC] PHP Parse error:  syntax error, unexpected '<' in /home/ubuntu/workspace/CST336/homework/hw2/inc/function.php on line 7
[23-Sep-2018 05:34:01 UTC] PHP Stack trace:
[23-Sep-2018 05:34:01 UTC] PHP   1. {main}() /home/ubuntu/workspace/CST336/homework/hw2/index.php:0
[23-Sep-2018 05:44:46 UTC] PHP Parse error:  syntax error, unexpected end of file in /home/ubuntu/workspace/CST336/homework/hw2/inc/function.php on line 14
[23-Sep-2018 05:44:46 UTC] PHP Stack trace:
[23-Sep-2018 05:44:46 UTC] PHP   1. {main}() /home/ubuntu/workspace/CST336/homework/hw2/index.php:0
[23-Sep-2018 05:45:58 UTC] PHP Parse error:  syntax error, unexpected end of file in /home/ubuntu/workspace/CST336/homework/hw2/inc/function.php on line 12
[23-Sep-2018 05:45:58 UTC] PHP Stack trace:
[23-Sep-2018 05:45:58 UTC] PHP   1. {main}() /home/ubuntu/workspace/CST336/homework/hw2/index.php:0
[23-Sep-2018 05:45:59 UTC] PHP Parse error:  syntax error, unexpected end of file in /home/ubuntu/workspace/CST336/homework/hw2/inc/function.php on line 12
[23-Sep-2018 05:45:59 UTC] PHP Stack trace:
[23-Sep-2018 05:45:59 UTC] PHP   1. {main}() /home/ubuntu/workspace/CST336/homework/hw2/index.php:0
[23-Sep-2018 17:19:48 UTC] PHP Warning:  array_rand() expects parameter 1 to be array, null given in /home/ubuntu/workspace/CST336/homework/hw2/inc/function.php on line 14
[23-Sep-2018 17:19:48 UTC] PHP Stack trace:
[23-Sep-2018 17:19:48 UTC] PHP   1. {main}() /home/ubuntu/workspace/CST336/homework/hw2/index.php:0
[23-Sep-2018 17:19:48 UTC] PHP   2. include() /home/ubuntu/workspace/CST336/homework/hw2/index.php:24
[23-Sep-2018 17:19:48 UTC] PHP   3. array_rand() /home/ubuntu/workspace/CST336/homework/hw2/inc/function.php:14
[23-Sep-2018 17:40:24 UTC] PHP Parse error:  syntax error, unexpected '?>', expecting '(' in /home/ubuntu/workspace/CST336/homework/hw2/inc/function.php on line 13
[23-Sep-2018 17:40:24 UTC] PHP Stack trace:
[23-Sep-2018 17:40:24 UTC] PHP   1. {main}() /home/ubuntu/workspace/CST336/homework/hw2/index.php:0
[23-Sep-2018 18:02:27 UTC] PHP Fatal error:  Call to undefined function myFunction() in /home/ubuntu/workspace/CST336/homework/hw2/inc/function.php on line 10
[23-Sep-2018 18:02:27 UTC] PHP Stack trace:
[23-Sep-2018 18:02:27 UTC] PHP   1. {main}() /home/ubuntu/workspace/CST336/homework/hw2/index.php:0
[23-Sep-2018 18:02:27 UTC] PHP   2. start() /home/ubuntu/workspace/CST336/homework/hw2/index.php:25
[23-Sep-2018 18:03:01 UTC] PHP Fatal error:  Call to undefined function myFunction() in /home/ubuntu/workspace/CST336/homework/hw2/inc/function.php on line 10
[23-Sep-2018 18:03:01 UTC] PHP Stack trace:
[23-Sep-2018 18:03:01 UTC] PHP   1. {main}() /home/ubuntu/workspace/CST336/homework/hw2/index.php:0
[23-Sep-2018 18:03:01 UTC] PHP   2. start() /home/ubuntu/workspace/CST336/homework/hw2/index.php:25
[23-Sep-2018 18:05:07 UTC] PHP Fatal error:  Call to undefined function myFunction() in /home/ubuntu/workspace/CST336/homework/hw2/inc/function.php on line 10
[23-Sep-2018 18:05:07 UTC] PHP Stack trace:
[23-Sep-2018 18:05:07 UTC] PHP   1. {main}() /home/ubuntu/workspace/CST336/homework/hw2/index.php:0
[23-Sep-2018 18:05:07 UTC] PHP   2. start() /home/ubuntu/workspace/CST336/homework/hw2/index.php:26
[23-Sep-2018 18:22:49 UTC] PHP Fatal error:  Cannot redeclare start() (previously declared in /home/ubuntu/workspace/CST336/homework/hw2/inc/function.php:3) in /home/ubuntu/workspace/CST336/homework/hw2/inc/function.php on line 3
[23-Sep-2018 18:22:49 UTC] PHP Stack trace:
[23-Sep-2018 18:22:49 UTC] PHP   1. {main}() /home/ubuntu/workspace/CST336/homework/hw2/index.php:0
[23-Sep-2018 18:22:49 UTC] PHP   2. include() /home/ubuntu/workspace/CST336/homework/hw2/index.php:24
[23-Sep-2018 18:22:49 UTC] PHP   3. include() /home/ubuntu/workspace/CST336/homework/hw2/inc/function.php:2
[23-Sep-2018 18:23:44 UTC] PHP Fatal error:  Cannot redeclare start() (previously declared in /home/ubuntu/workspace/CST336/homework/hw2/inc/function.php:3) in /home/ubuntu/workspace/CST336/homework/hw2/inc/function.php on line 3
[23-Sep-2018 18:23:44 UTC] PHP Stack trace:
[23-Sep-2018 18:23:44 UTC] PHP   1. {main}() /home/ubuntu/workspace/CST336/homework/hw2/index.php:0
[23-Sep-2018 18:23:44 UTC] PHP   2. include() /home/ubuntu/workspace/CST336/homework/hw2/index.php:24
[23-Sep-2018 18:23:44 UTC] PHP   3. include() /home/ubuntu/workspace/CST336/homework/hw2/inc/function.php:2
[23-Sep-2018 18:23:47 UTC] PHP Fatal error:  Cannot redeclare start() (previously declared in /home/ubuntu/workspace/CST336/homework/hw2/inc/function.php:3) in /home/ubuntu/workspace/CST336/homework/hw2/inc/function.php on line 3
[23-Sep-2018 18:23:47 UTC] PHP Stack trace:
[23-Sep-2018 18:23:47 UTC] PHP   1. {main}() /home/ubuntu/workspace/CST336/homework/hw2/index.php:0
[23-Sep-2018 18:23:47 UTC] PHP   2. include() /home/ubuntu/workspace/CST336/homework/hw2/index.php:24
[23-Sep-2018 18:23:47 UTC] PHP   3. include() /home/ubuntu/workspace/CST336/homework/hw2/inc/function.php:2
[23-Sep-2018 18:26:43 UTC] PHP Fatal error:  Cannot redeclare start() (previously declared in /home/ubuntu/workspace/CST336/homework/hw2/inc/function.php:3) in /home/ubuntu/workspace/CST336/homework/hw2/inc/function.php on line 3
[23-Sep-2018 18:26:43 UTC] PHP Stack trace:
[23-Sep-2018 18:26:43 UTC] PHP   1. {main}() /home/ubuntu/workspace/CST336/homework/hw2/index.php:0
[23-Sep-2018 18:26:43 UTC] PHP   2. include() /home/ubuntu/workspace/CST336/homework/hw2/index.php:24
[23-Sep-2018 18:26:43 UTC] PHP   3. include() /home/ubuntu/workspace/CST336/homework/hw2/inc/function.php:2
[23-Sep-2018 18:26:45 UTC] PHP Fatal error:  Cannot redeclare start() (previously declared in /home/ubuntu/workspace/CST336/homework/hw2/inc/function.php:3) in /home/ubuntu/workspace/CST336/homework/hw2/inc/function.php on line 3
[23-Sep-2018 18:26:45 UTC] PHP Stack trace:
[23-Sep-2018 18:26:45 UTC] PHP   1. {main}() /home/ubuntu/workspace/CST336/homework/hw2/index.php:0
[23-Sep-2018 18:26:45 UTC] PHP   2. include() /home/ubuntu/workspace/CST336/homework/hw2/index.php:24
[23-Sep-2018 18:26:45 UTC] PHP   3. include() /home/ubuntu/workspace/CST336/homework/hw2/inc/function.php:2
[23-Sep-2018 18:27:09 UTC] PHP Fatal error:  Cannot redeclare start() (previously declared in /home/ubuntu/workspace/CST336/homework/hw2/inc/function.php:3) in /home/ubuntu/workspace/CST336/homework/hw2/inc/function.php on line 3
[23-Sep-2018 18:27:09 UTC] PHP Stack trace:
[23-Sep-2018 18:27:09 UTC] PHP   1. {main}() /home/ubuntu/workspace/CST336/homework/hw2/index.php:0
[23-Sep-2018 18:27:09 UTC] PHP   2. include() /home/ubuntu/workspace/CST336/homework/hw2/index.php:24
[23-Sep-2018 18:27:09 UTC] PHP   3. include() /home/ubuntu/workspace/CST336/homework/hw2/inc/function.php:2
[23-Sep-2018 18:27:11 UTC] PHP Fatal error:  Cannot redeclare start() (previously declared in /home/ubuntu/workspace/CST336/homework/hw2/inc/function.php:3) in /home/ubuntu/workspace/CST336/homework/hw2/inc/function.php on line 3
[23-Sep-2018 18:27:11 UTC] PHP Stack trace:
[23-Sep-2018 18:27:11 UTC] PHP   1. {main}() /home/ubuntu/workspace/CST336/homework/hw2/index.php:0
[23-Sep-2018 18:27:11 UTC] PHP   2. include() /home/ubuntu/workspace/CST336/homework/hw2/index.php:24
[23-Sep-2018 18:27:11 UTC] PHP   3. include() /home/ubuntu/workspace/CST336/homework/hw2/inc/function.php:2
[23-Sep-2018 21:53:52 UTC] PHP Fatal error:  Function name must be a string in /home/ubuntu/workspace/CST336/homework/hw2/inc/function.php on line 8
[23-Sep-2018 21:53:52 UTC] PHP Stack trace:
[23-Sep-2018 21:53:52 UTC] PHP   1. {main}() /home/ubuntu/workspace/CST336/homework/hw2/index.php:0
[23-Sep-2018 21:53:52 UTC] PHP   2. start() /home/ubuntu/workspace/CST336/homework/hw2/index.php:25
[23-Sep-2018 21:55:02 UTC] PHP Fatal error:  Function name must be a string in /home/ubuntu/workspace/CST336/homework/hw2/inc/function.php on line 8
[23-Sep-2018 21:55:02 UTC] PHP Stack trace:
[23-Sep-2018 21:55:02 UTC] PHP   1. {main}() /home/ubuntu/workspace/CST336/homework/hw2/index.php:0
[23-Sep-2018 21:55:02 UTC] PHP   2. start() /home/ubuntu/workspace/CST336/homework/hw2/index.php:25
[23-Sep-2018 21:55:58 UTC] PHP Fatal error:  Function name must be a string in /home/ubuntu/workspace/CST336/homework/hw2/inc/function.php on line 8
[23-Sep-2018 21:55:58 UTC] PHP Stack trace:
[23-Sep-2018 21:55:58 UTC] PHP   1. {main}() /home/ubuntu/workspace/CST336/homework/hw2/index.php:0
[23-Sep-2018 21:55:58 UTC] PHP   2. start() /home/ubuntu/workspace/CST336/homework/hw2/index.php:25
[23-Sep-2018 21:56:00 UTC] PHP Fatal error:  Function name must be a string in /home/ubuntu/workspace/CST336/homework/hw2/inc/function.php on line 8
[23-Sep-2018 21:56:00 UTC] PHP Stack trace:
[23-Sep-2018 21:56:00 UTC] PHP   1. {main}() /home/ubuntu/workspace/CST336/homework/hw2/index.php:0
[23-Sep-2018 21:56:00 UTC] PHP   2. start() /home/ubuntu/workspace/CST336/homework/hw2/index.php:25
[23-Sep-2018 21:58:05 UTC] PHP Fatal error:  Function name must be a string in /home/ubuntu/workspace/CST336/homework/hw2/inc/function.php on line 8
[23-Sep-2018 21:58:05 UTC] PHP Stack trace:
[23-Sep-2018 21:58:05 UTC] PHP   1. {main}() /home/ubuntu/workspace/CST336/homework/hw2/index.php:0
[23-Sep-2018 21:58:05 UTC] PHP   2. start() /home/ubuntu/workspace/CST336/homework/hw2/index.php:25
[23-Sep-2018 21:58:07 UTC] PHP Fatal error:  Function name must be a string in /home/ubuntu/workspace/CST336/homework/hw2/inc/function.php on line 8
[23-Sep-2018 21:58:07 UTC] PHP Stack trace:
[23-Sep-2018 21:58:07 UTC] PHP   1. {main}() /home/ubuntu/workspace/CST336/homework/hw2/index.php:0
[23-Sep-2018 21:58:07 UTC] PHP   2. start() /home/ubuntu/workspace/CST336/homework/hw2/index.php:25
[23-Sep-2018 22:15:40 UTC] PHP Fatal error:  Cannot redeclare start() (previously declared in /home/ubuntu/workspace/CST336/homework/hw2/inc/function.php:3) in /home/ubuntu/workspace/CST336/homework/hw2/inc/function.php on line 3
[23-Sep-2018 22:15:40 UTC] PHP Stack trace:
[23-Sep-2018 22:15:40 UTC] PHP   1. {main}() /home/ubuntu/workspace/CST336/homework/hw2/index.php:0
[23-Sep-2018 22:15:42 UTC] PHP Fatal error:  Cannot redeclare start() (previously declared in /home/ubuntu/workspace/CST336/homework/hw2/inc/function.php:3) in /home/ubuntu/workspace/CST336/homework/hw2/inc/function.php on line 3
[23-Sep-2018 22:15:42 UTC] PHP Stack trace:
[23-Sep-2018 22:15:42 UTC] PHP   1. {main}() /home/ubuntu/workspace/CST336/homework/hw2/index.php:0
[24-Sep-2018 21:41:08 UTC] PHP Parse error:  syntax error, unexpected '=' in /home/ubuntu/workspace/CST336/homework/hw2/index.php on line 37
[24-Sep-2018 21:43:43 UTC] PHP Parse error:  syntax error, unexpected '=' in /home/ubuntu/workspace/CST336/homework/hw2/index.php on line 37
[25-Sep-2018 03:28:48 UTC] PHP Fatal error:  Call to undefined function start() in /home/ubuntu/workspace/CST336/homework/hw2/index.php on line 24
[25-Sep-2018 03:28:48 UTC] PHP Stack trace:
[25-Sep-2018 03:28:48 UTC] PHP   1. {main}() /home/ubuntu/workspace/CST336/homework/hw2/index.php:0
[25-Sep-2018 22:03:11 UTC] PHP Warning:  include(inc/functions.php): failed to open stream: No such file or directory in /home/ubuntu/workspace/CST336/homework/hw2/index.php on line 12
[25-Sep-2018 22:03:11 UTC] PHP Stack trace:
[25-Sep-2018 22:03:11 UTC] PHP   1. {main}() /home/ubuntu/workspace/CST336/homework/hw2/index.php:0
[25-Sep-2018 22:03:11 UTC] PHP Warning:  include(): Failed opening 'inc/functions.php' for inclusion (include_path='.:/usr/share/php:/usr/share/pear') in /home/ubuntu/workspace/CST336/homework/hw2/index.php on line 12
[25-Sep-2018 22:03:11 UTC] PHP Stack trace:
[25-Sep-2018 22:03:11 UTC] PHP   1. {main}() /home/ubuntu/workspace/CST336/homework/hw2/index.php:0
[25-Sep-2018 22:03:11 UTC] PHP Fatal error:  Call to undefined function displayTrain() in /home/ubuntu/workspace/CST336/homework/hw2/index.php on line 13
[25-Sep-2018 22:03:11 UTC] PHP Stack trace:
[25-Sep-2018 22:03:11 UTC] PHP   1. {main}() /home/ubuntu/workspace/CST336/homework/hw2/index.php:0
[25-Sep-2018 22:03:56 UTC] PHP Warning:  include(inc/functions.php): failed to open stream: No such file or directory in /home/ubuntu/workspace/CST336/homework/hw2/index.php on line 12
[25-Sep-2018 22:03:57 UTC] PHP Stack trace:
[25-Sep-2018 22:03:57 UTC] PHP   1. {main}() /home/ubuntu/workspace/CST336/homework/hw2/index.php:0
[25-Sep-2018 22:03:57 UTC] PHP Warning:  include(): Failed opening 'inc/functions.php' for inclusion (include_path='.:/usr/share/php:/usr/share/pear') in /home/ubuntu/workspace/CST336/homework/hw2/index.php on line 12
[25-Sep-2018 22:03:57 UTC] PHP Stack trace:
[25-Sep-2018 22:03:57 UTC] PHP   1. {main}() /home/ubuntu/workspace/CST336/homework/hw2/index.php:0
[25-Sep-2018 22:03:57 UTC] PHP Fatal error:  Call to undefined function displayTrain() in /home/ubuntu/workspace/CST336/homework/hw2/index.php on line 13
[25-Sep-2018 22:03:57 UTC] PHP Stack trace:
[25-Sep-2018 22:03:57 UTC] PHP   1. {main}() /home/ubuntu/workspace/CST336/homework/hw2/index.php:0
[25-Sep-2018 22:03:59 UTC] PHP Warning:  include(inc/functions.php): failed to open stream: No such file or directory in /home/ubuntu/workspace/CST336/homework/hw2/index.php on line 12
[25-Sep-2018 22:03:59 UTC] PHP Stack trace:
[25-Sep-2018 22:03:59 UTC] PHP   1. {main}() /home/ubuntu/workspace/CST336/homework/hw2/index.php:0
[25-Sep-2018 22:03:59 UTC] PHP Warning:  include(): Failed opening 'inc/functions.php' for inclusion (include_path='.:/usr/share/php:/usr/share/pear') in /home/ubuntu/workspace/CST336/homework/hw2/index.php on line 12
[25-Sep-2018 22:03:59 UTC] PHP Stack trace:
[25-Sep-2018 22:03:59 UTC] PHP   1. {main}() /home/ubuntu/workspace/CST336/homework/hw2/index.php:0
[25-Sep-2018 22:03:59 UTC] PHP Fatal error:  Call to undefined function displayTrain() in /home/ubuntu/workspace/CST336/homework/hw2/index.php on line 13
[25-Sep-2018 22:03:59 UTC] PHP Stack trace:
[25-Sep-2018 22:03:59 UTC] PHP   1. {main}() /home/ubuntu/workspace/CST336/homework/hw2/index.php:0
[25-Sep-2018 22:04:50 UTC] PHP Parse error:  syntax error, unexpected 'display' (T_STRING), expecting ',' or ';' in /home/ubuntu/workspace/CST336/homework/hw2/inc/function.php on line 8
[25-Sep-2018 22:04:50 UTC] PHP Stack trace:
[25-Sep-2018 22:04:50 UTC] PHP   1. {main}() /home/ubuntu/workspace/CST336/homework/hw2/index.php:0
[25-Sep-2018 22:05:40 UTC] PHP Parse error:  syntax error, unexpected end of file in /home/ubuntu/workspace/CST336/homework/hw2/inc/function.php on line 10
[25-Sep-2018 22:05:40 UTC] PHP Stack trace:
[25-Sep-2018 22:05:40 UTC] PHP   1. {main}() /home/ubuntu/workspace/CST336/homework/hw2/index.php:0
[25-Sep-2018 22:06:07 UTC] PHP Warning:  Missing argument 1 for displayTrain(), called in /home/ubuntu/workspace/CST336/homework/hw2/index.php on line 13 and defined in /home/ubuntu/workspace/CST336/homework/hw2/inc/function.php on line 2
[25-Sep-2018 22:06:07 UTC] PHP Stack trace:
[25-Sep-2018 22:06:07 UTC] PHP   1. {main}() /home/ubuntu/workspace/CST336/homework/hw2/index.php:0
[25-Sep-2018 22:06:07 UTC] PHP   2. displayTrain() /home/ubuntu/workspace/CST336/homework/hw2/index.php:13
[25-Sep-2018 22:06:07 UTC] PHP Warning:  Missing argument 2 for displayTrain(), called in /home/ubuntu/workspace/CST336/homework/hw2/index.php on line 13 and defined in /home/ubuntu/workspace/CST336/homework/hw2/inc/function.php on line 2
[25-Sep-2018 22:06:07 UTC] PHP Stack trace:
[25-Sep-2018 22:06:07 UTC] PHP   1. {main}() /home/ubuntu/workspace/CST336/homework/hw2/index.php:0
[25-Sep-2018 22:06:07 UTC] PHP   2. displayTrain() /home/ubuntu/workspace/CST336/homework/hw2/index.php:13
[25-Sep-2018 22:06:09 UTC] PHP Warning:  Missing argument 1 for displayTrain(), called in /home/ubuntu/workspace/CST336/homework/hw2/index.php on line 13 and defined in /home/ubuntu/workspace/CST336/homework/hw2/inc/function.php on line 2
[25-Sep-2018 22:06:09 UTC] PHP Stack trace:
[25-Sep-2018 22:06:09 UTC] PHP   1. {main}() /home/ubuntu/workspace/CST336/homework/hw2/index.php:0
[25-Sep-2018 22:06:09 UTC] PHP   2. displayTrain() /home/ubuntu/workspace/CST336/homework/hw2/index.php:13
[25-Sep-2018 22:06:09 UTC] PHP Warning:  Missing argument 2 for displayTrain(), called in /home/ubuntu/workspace/CST336/homework/hw2/index.php on line 13 and defined in /home/ubuntu/workspace/CST336/homework/hw2/inc/function.php on line 2
[25-Sep-2018 22:06:09 UTC] PHP Stack trace:
[25-Sep-2018 22:06:09 UTC] PHP   1. {main}() /home/ubuntu/workspace/CST336/homework/hw2/index.php:0
[25-Sep-2018 22:06:09 UTC] PHP   2. displayTrain() /home/ubuntu/workspace/CST336/homework/hw2/index.php:13
[25-Sep-2018 22:57:15 UTC] PHP Parse error:  syntax error, unexpected '$train' (T_VARIABLE), expecting '(' in /home/ubuntu/workspace/CST336/homework/hw2/inc/function.php on line 8
[25-Sep-2018 22:57:15 UTC] PHP Stack trace:
[25-Sep-2018 22:57:15 UTC] PHP   1. {main}() /home/ubuntu/workspace/CST336/homework/hw2/index.php:0
[25-Sep-2018 22:59:18 UTC] PHP Parse error:  syntax error, unexpected '<' in /home/ubuntu/workspace/CST336/homework/hw2/inc/function.php on line 9
[25-Sep-2018 22:59:18 UTC] PHP Stack trace:
[25-Sep-2018 22:59:18 UTC] PHP   1. {main}() /home/ubuntu/workspace/CST336/homework/hw2/index.php:0
[25-Sep-2018 22:59:35 UTC] PHP Parse error:  syntax error, unexpected '<' in /home/ubuntu/workspace/CST336/homework/hw2/inc/function.php on line 9
[25-Sep-2018 22:59:35 UTC] PHP Stack trace:
[25-Sep-2018 22:59:35 UTC] PHP   1. {main}() /home/ubuntu/workspace/CST336/homework/hw2/index.php:0
[25-Sep-2018 22:59:39 UTC] PHP Parse error:  syntax error, unexpected '<' in /home/ubuntu/workspace/CST336/homework/hw2/inc/function.php on line 9
[25-Sep-2018 22:59:39 UTC] PHP Stack trace:
[25-Sep-2018 22:59:39 UTC] PHP   1. {main}() /home/ubuntu/workspace/CST336/homework/hw2/index.php:0
[25-Sep-2018 22:59:41 UTC] PHP Parse error:  syntax error, unexpected '<' in /home/ubuntu/workspace/CST336/homework/hw2/inc/function.php on line 9
[25-Sep-2018 22:59:41 UTC] PHP Stack trace:
[25-Sep-2018 22:59:41 UTC] PHP   1. {main}() /home/ubuntu/workspace/CST336/homework/hw2/index.php:0
[26-Sep-2018 00:55:39 UTC] PHP Fatal error:  Call to undefined function steamFacts() in /home/ubuntu/workspace/CST336/homework/hw2/index.php on line 19
[26-Sep-2018 00:55:39 UTC] PHP Stack trace:
[26-Sep-2018 00:55:39 UTC] PHP   1. {main}() /home/ubuntu/workspace/CST336/homework/hw2/index.php:0
[26-Sep-2018 01:13:02 UTC] PHP Parse error:  syntax error, unexpected 'shuffle' (T_STRING) in /home/ubuntu/workspace/CST336/homework/hw2/inc/function.php on line 13
[26-Sep-2018 01:13:02 UTC] PHP Stack trace:
[26-Sep-2018 01:13:02 UTC] PHP   1. {main}() /home/ubuntu/workspace/CST336/homework/hw2/index.php:0
[26-Sep-2018 04:25:48 UTC] PHP Warning:  array_rand() expects parameter 1 to be array, null given in /home/ubuntu/workspace/CST336/homework/hw2/inc/function.php on line 40
[26-Sep-2018 04:25:48 UTC] PHP Stack trace:
[26-Sep-2018 04:25:48 UTC] PHP   1. {main}() /home/ubuntu/workspace/CST336/homework/hw2/index.php:0
[26-Sep-2018 04:25:48 UTC] PHP   2. displayTrain() /home/ubuntu/workspace/CST336/homework/hw2/index.php:19
[26-Sep-2018 04:25:48 UTC] PHP   3. steamFacts() /home/ubuntu/workspace/CST336/homework/hw2/inc/function.php:28
[26-Sep-2018 04:25:48 UTC] PHP   4. array_rand() /home/ubuntu/workspace/CST336/homework/hw2/inc/function.php:40
[26-Sep-2018 04:27:51 UTC] PHP Warning:  array_rand() expects parameter 1 to be array, null given in /home/ubuntu/workspace/CST336/homework/hw2/inc/function.php on line 34
[26-Sep-2018 04:27:51 UTC] PHP Stack trace:
[26-Sep-2018 04:27:51 UTC] PHP   1. {main}() /home/ubuntu/workspace/CST336/homework/hw2/index.php:0
[26-Sep-2018 04:27:51 UTC] PHP   2. displayTrain() /home/ubuntu/workspace/CST336/homework/hw2/index.php:19
[26-Sep-2018 04:27:51 UTC] PHP   3. steamFacts() /home/ubuntu/workspace/CST336/homework/hw2/inc/function.php:22
[26-Sep-2018 04:27:51 UTC] PHP   4. array_rand() /home/ubuntu/workspace/CST336/homework/hw2/inc/function.php:34
[26-Sep-2018 04:27:53 UTC] PHP Warning:  array_rand() expects parameter 1 to be array, null given in /home/ubuntu/workspace/CST336/homework/hw2/inc/function.php on line 34
[26-Sep-2018 04:27:53 UTC] PHP Stack trace:
[26-Sep-2018 04:27:53 UTC] PHP   1. {main}() /home/ubuntu/workspace/CST336/homework/hw2/index.php:0
[26-Sep-2018 04:27:53 UTC] PHP   2. displayTrain() /home/ubuntu/workspace/CST336/homework/hw2/index.php:19
[26-Sep-2018 04:27:53 UTC] PHP   3. steamFacts() /home/ubuntu/workspace/CST336/homework/hw2/inc/function.php:22
[26-Sep-2018 04:27:53 UTC] PHP   4. array_rand() /home/ubuntu/workspace/CST336/homework/hw2/inc/function.php:34
[26-Sep-2018 04:57:28 UTC] PHP Parse error:  syntax error, unexpected '?>', expecting '(' in /home/ubuntu/workspace/CST336/homework/hw2/inc/function.php on line 68
[26-Sep-2018 04:57:28 UTC] PHP Stack trace:
[26-Sep-2018 04:57:28 UTC] PHP   1. {main}() /home/ubuntu/workspace/CST336/homework/hw2/index.php:0
[26-Sep-2018 05:20:18 UTC] PHP Fatal error:  Cannot redeclare displayTrain() (previously declared in /home/ubuntu/workspace/CST336/homework/hw2/inc/function.php:3) in /home/ubuntu/workspace/CST336/homework/hw2/inc/function.php on line 3
[26-Sep-2018 05:20:18 UTC] PHP Stack trace:
[26-Sep-2018 05:20:18 UTC] PHP   1. {main}() /home/ubuntu/workspace/CST336/homework/hw2/index.php:0
[26-Sep-2018 05:21:11 UTC] PHP Fatal error:  Cannot redeclare displayTrain() (previously declared in /home/ubuntu/workspace/CST336/homework/hw2/inc/function.php:3) in /home/ubuntu/workspace/CST336/homework/hw2/inc/function.php on line 3
[26-Sep-2018 05:21:11 UTC] PHP Stack trace:
[26-Sep-2018 05:21:11 UTC] PHP   1. {main}() /home/ubuntu/workspace/CST336/homework/hw2/index.php:0
[26-Sep-2018 05:38:15 UTC] PHP Parse error:  syntax error, unexpected '}' in /home/ubuntu/workspace/CST336/homework/hw2/inc/function.php on line 95
[26-Sep-2018 05:38:15 UTC] PHP Stack trace:
[26-Sep-2018 05:38:15 UTC] PHP   1. {main}() /home/ubuntu/workspace/CST336/homework/hw2/index.php:0
[26-Sep-2018 07:52:32 UTC] PHP Warning:  key() expects parameter 1 to be array, null given in /home/ubuntu/workspace/CST336/homework/hw2/inc/function.php on line 14
[26-Sep-2018 07:52:32 UTC] PHP Stack trace:
[26-Sep-2018 07:52:32 UTC] PHP   1. {main}() /home/ubuntu/workspace/CST336/homework/hw2/index.php:0
[26-Sep-2018 07:52:32 UTC] PHP   2. displayTrain() /home/ubuntu/workspace/CST336/homework/hw2/index.php:19
[26-Sep-2018 07:52:32 UTC] PHP   3. key() /home/ubuntu/workspace/CST336/homework/hw2/inc/function.php:14
[26-Sep-2018 07:52:32 UTC] PHP Warning:  key() expects parameter 1 to be array, null given in /home/ubuntu/workspace/CST336/homework/hw2/inc/function.php on line 14
[26-Sep-2018 07:52:32 UTC] PHP Stack trace:
[26-Sep-2018 07:52:32 UTC] PHP   1. {main}() /home/ubuntu/workspace/CST336/homework/hw2/index.php:0
[26-Sep-2018 07:52:32 UTC] PHP   2. displayTrain() /home/ubuntu/workspace/CST336/homework/hw2/index.php:19
[26-Sep-2018 07:52:32 UTC] PHP   3. key() /home/ubuntu/workspace/CST336/homework/hw2/inc/function.php:14
[26-Sep-2018 07:52:37 UTC] PHP Warning:  key() expects parameter 1 to be array, null given in /home/ubuntu/workspace/CST336/homework/hw2/inc/function.php on line 14
[26-Sep-2018 07:52:37 UTC] PHP Stack trace:
[26-Sep-2018 07:52:37 UTC] PHP   1. {main}() /home/ubuntu/workspace/CST336/homework/hw2/index.php:0
[26-Sep-2018 07:52:37 UTC] PHP   2. displayTrain() /home/ubuntu/workspace/CST336/homework/hw2/index.php:19
[26-Sep-2018 07:52:37 UTC] PHP   3. key() /home/ubuntu/workspace/CST336/homework/hw2/inc/function.php:14
[26-Sep-2018 07:52:37 UTC] PHP Warning:  key() expects parameter 1 to be array, null given in /home/ubuntu/workspace/CST336/homework/hw2/inc/function.php on line 14
[26-Sep-2018 07:52:37 UTC] PHP Stack trace:
[26-Sep-2018 07:52:37 UTC] PHP   1. {main}() /home/ubuntu/workspace/CST336/homework/hw2/index.php:0
[26-Sep-2018 07:52:37 UTC] PHP   2. displayTrain() /home/ubuntu/workspace/CST336/homework/hw2/index.php:19
[26-Sep-2018 07:52:37 UTC] PHP   3. key() /home/ubuntu/workspace/CST336/homework/hw2/inc/function.php:14
[26-Sep-2018 07:55:08 UTC] PHP Warning:  key() expects parameter 1 to be array, string given in /home/ubuntu/workspace/CST336/homework/hw2/inc/function.php on line 14
[26-Sep-2018 07:55:08 UTC] PHP Stack trace:
[26-Sep-2018 07:55:08 UTC] PHP   1. {main}() /home/ubuntu/workspace/CST336/homework/hw2/index.php:0
[26-Sep-2018 07:55:08 UTC] PHP   2. displayTrain() /home/ubuntu/workspace/CST336/homework/hw2/index.php:19
[26-Sep-2018 07:55:08 UTC] PHP   3. key() /home/ubuntu/workspace/CST336/homework/hw2/inc/function.php:14
[26-Sep-2018 07:55:08 UTC] PHP Warning:  key() expects parameter 1 to be array, string given in /home/ubuntu/workspace/CST336/homework/hw2/inc/function.php on line 14
[26-Sep-2018 07:55:08 UTC] PHP Stack trace:
[26-Sep-2018 07:55:08 UTC] PHP   1. {main}() /home/ubuntu/workspace/CST336/homework/hw2/index.php:0
[26-Sep-2018 07:55:08 UTC] PHP   2. displayTrain() /home/ubuntu/workspace/CST336/homework/hw2/index.php:19
[26-Sep-2018 07:55:08 UTC] PHP   3. key() /home/ubuntu/workspace/CST336/homework/hw2/inc/function.php:14
[26-Sep-2018 07:56:53 UTC] PHP Warning:  key() expects parameter 1 to be array, string given in /home/ubuntu/workspace/CST336/homework/hw2/inc/function.php on line 14
[26-Sep-2018 07:56:53 UTC] PHP Stack trace:
[26-Sep-2018 07:56:53 UTC] PHP   1. {main}() /home/ubuntu/workspace/CST336/homework/hw2/index.php:0
[26-Sep-2018 07:56:53 UTC] PHP   2. displayTrain() /home/ubuntu/workspace/CST336/homework/hw2/index.php:19
[26-Sep-2018 07:56:53 UTC] PHP   3. key() /home/ubuntu/workspace/CST336/homework/hw2/inc/function.php:14
[26-Sep-2018 07:56:53 UTC] PHP Warning:  key() expects parameter 1 to be array, string given in /home/ubuntu/workspace/CST336/homework/hw2/inc/function.php on line 14
[26-Sep-2018 07:56:53 UTC] PHP Stack trace:
[26-Sep-2018 07:56:53 UTC] PHP   1. {main}() /home/ubuntu/workspace/CST336/homework/hw2/index.php:0
[26-Sep-2018 07:56:53 UTC] PHP   2. displayTrain() /home/ubuntu/workspace/CST336/homework/hw2/index.php:19
[26-Sep-2018 07:56:53 UTC] PHP   3. key() /home/ubuntu/workspace/CST336/homework/hw2/inc/function.php:14
[26-Sep-2018 07:57:16 UTC] PHP Warning:  key() expects parameter 1 to be array, null given in /home/ubuntu/workspace/CST336/homework/hw2/inc/function.php on line 8
[26-Sep-2018 07:57:16 UTC] PHP Stack trace:
[26-Sep-2018 07:57:16 UTC] PHP   1. {main}() /home/ubuntu/workspace/CST336/homework/hw2/index.php:0
[26-Sep-2018 07:57:16 UTC] PHP   2. displayTrain() /home/ubuntu/workspace/CST336/homework/hw2/index.php:19
[26-Sep-2018 07:57:16 UTC] PHP   3. key() /home/ubuntu/workspace/CST336/homework/hw2/inc/function.php:8
[26-Sep-2018 07:57:33 UTC] PHP Warning:  key() expects parameter 1 to be array, null given in /home/ubuntu/workspace/CST336/homework/hw2/inc/function.php on line 8
[26-Sep-2018 07:57:33 UTC] PHP Stack trace:
[26-Sep-2018 07:57:33 UTC] PHP   1. {main}() /home/ubuntu/workspace/CST336/homework/hw2/index.php:0
[26-Sep-2018 07:57:33 UTC] PHP   2. displayTrain() /home/ubuntu/workspace/CST336/homework/hw2/index.php:19
[26-Sep-2018 07:57:33 UTC] PHP   3. key() /home/ubuntu/workspace/CST336/homework/hw2/inc/function.php:8
[26-Sep-2018 08:02:45 UTC] PHP Warning:  key() expects parameter 1 to be array, null given in /home/ubuntu/workspace/CST336/homework/hw2/inc/function.php on line 8
[26-Sep-2018 08:02:45 UTC] PHP Stack trace:
[26-Sep-2018 08:02:45 UTC] PHP   1. {main}() /home/ubuntu/workspace/CST336/homework/hw2/index.php:0
[26-Sep-2018 08:02:45 UTC] PHP   2. displayTrain() /home/ubuntu/workspace/CST336/homework/hw2/index.php:19
[26-Sep-2018 08:02:45 UTC] PHP   3. key() /home/ubuntu/workspace/CST336/homework/hw2/inc/function.php:8
[26-Sep-2018 08:02:47 UTC] PHP Warning:  key() expects parameter 1 to be array, null given in /home/ubuntu/workspace/CST336/homework/hw2/inc/function.php on line 8
[26-Sep-2018 08:02:47 UTC] PHP Stack trace:
[26-Sep-2018 08:02:47 UTC] PHP   1. {main}() /home/ubuntu/workspace/CST336/homework/hw2/index.php:0
[26-Sep-2018 08:02:47 UTC] PHP   2. displayTrain() /home/ubuntu/workspace/CST336/homework/hw2/index.php:19
[26-Sep-2018 08:02:47 UTC] PHP   3. key() /home/ubuntu/workspace/CST336/homework/hw2/inc/function.php:8
[26-Sep-2018 08:03:11 UTC] PHP Warning:  key() expects parameter 1 to be array, null given in /home/ubuntu/workspace/CST336/homework/hw2/inc/function.php on line 8
[26-Sep-2018 08:03:11 UTC] PHP Stack trace:
[26-Sep-2018 08:03:11 UTC] PHP   1. {main}() /home/ubuntu/workspace/CST336/homework/hw2/index.php:0
[26-Sep-2018 08:03:11 UTC] PHP   2. displayTrain() /home/ubuntu/workspace/CST336/homework/hw2/index.php:19
[26-Sep-2018 08:03:11 UTC] PHP   3. key() /home/ubuntu/workspace/CST336/homework/hw2/inc/function.php:8
[26-Sep-2018 18:17:55 UTC] PHP Parse error:  syntax error, unexpected ';', expecting ')' in /home/ubuntu/workspace/CST336/homework/hw2/index.php on line 16
